<?xml version="1.0" encoding="UTF-8"?>
<testng-results ignored="0" total="1" passed="1" failed="0" skipped="0">
  <reporter-output>
  </reporter-output>
  <suite started-at="2025-06-10T20:38:29 ACST" name="Default Suite" finished-at="2025-06-10T20:38:29 ACST" duration-ms="160">
    <groups>
    </groups>
    <test started-at="2025-06-10T20:38:29 ACST" name="AutomationSamplePlanit" finished-at="2025-06-10T20:38:29 ACST" duration-ms="160">
      <class name="tests.HomeTest">
        <test-method is-config="true" signature="initialization()[pri:0, instance:tests.HomeTest@3349e9bb]" started-at="2025-06-10T20:38:26 ACST" name="initialization" finished-at="2025-06-10T20:38:29 ACST" duration-ms="2833" status="PASS">
          <reporter-output>
          </reporter-output>
        </test-method> <!-- initialization -->
        <test-method is-config="true" signature="navigateToBaseUrl()[pri:0, instance:tests.HomeTest@3349e9bb]" started-at="2025-06-10T20:38:29 ACST" name="navigateToBaseUrl" finished-at="2025-06-10T20:38:29 ACST" duration-ms="129" status="PASS">
          <reporter-output>
          </reporter-output>
        </test-method> <!-- navigateToBaseUrl -->
        <test-method signature="verifyHomePageDetails()[pri:0, instance:tests.HomeTest@3349e9bb]" started-at="2025-06-10T20:38:29 ACST" name="verifyHomePageDetails" finished-at="2025-06-10T20:38:29 ACST" duration-ms="19" status="PASS">
          <reporter-output>
          </reporter-output>
        </test-method> <!-- verifyHomePageDetails -->
        <test-method is-config="true" signature="endTest()[pri:0, instance:tests.HomeTest@3349e9bb]" started-at="2025-06-10T20:38:29 ACST" name="endTest" finished-at="2025-06-10T20:38:29 ACST" duration-ms="1" status="PASS">
          <reporter-output>
          </reporter-output>
        </test-method> <!-- endTest -->
        <test-method is-config="true" signature="destroyDriver()[pri:0, instance:tests.HomeTest@3349e9bb]" started-at="2025-06-10T20:38:29 ACST" name="destroyDriver" finished-at="2025-06-10T20:38:29 ACST" duration-ms="86" status="PASS">
          <reporter-output>
          </reporter-output>
        </test-method> <!-- destroyDriver -->
      </class> <!-- tests.HomeTest -->
    </test> <!-- AutomationSamplePlanit -->
  </suite> <!-- Default Suite -->
</testng-results>
